<?xml version="1.0" encoding="UTF-8"?>
<testng-results skipped="0" failed="0" ignored="0" total="1" passed="1">
  <reporter-output>
  </reporter-output>
  <suite name="Default suite" duration-ms="37" started-at="2018-06-18T09:54:19Z" finished-at="2018-06-18T09:54:19Z">
    <groups>
    </groups>
    <test name="Default test" duration-ms="37" started-at="2018-06-18T09:54:19Z" finished-at="2018-06-18T09:54:19Z">
      <class name="com.zoomcars.test.Register">
        <test-method status="PASS" signature="createUser()[pri:0, instance:com.zoomcars.test.Register@d992b2]" name="createUser" duration-ms="9" started-at="2018-06-18T09:54:19Z" finished-at="2018-06-18T09:54:19Z">
          <reporter-output>
          </reporter-output>
        </test-method> <!-- createUser -->
      </class> <!-- com.zoomcars.test.Register -->
    </test> <!-- Default test -->
  </suite> <!-- Default suite -->
</testng-results>
